2023-10-26 20:42:58,314 INFO o.a.j.u.JMeterUtils: Setting Locale to en_US
2023-10-26 20:42:58,327 INFO o.a.j.JMeter: Loading user properties from: user.properties
2023-10-26 20:42:58,327 INFO o.a.j.JMeter: Loading system properties from: system.properties
2023-10-26 20:42:58,337 INFO o.a.j.JMeter: Copyright (c) 1998-2022 The Apache Software Foundation
2023-10-26 20:42:58,337 INFO o.a.j.JMeter: Version 5.5
2023-10-26 20:42:58,337 INFO o.a.j.JMeter: java.version=1.8.0_381
2023-10-26 20:42:58,337 INFO o.a.j.JMeter: java.vm.name=Java HotSpot(TM) Client VM
2023-10-26 20:42:58,337 INFO o.a.j.JMeter: os.name=Windows 10
2023-10-26 20:42:58,337 INFO o.a.j.JMeter: os.arch=x86
2023-10-26 20:42:58,337 INFO o.a.j.JMeter: os.version=10.0
2023-10-26 20:42:58,337 INFO o.a.j.JMeter: file.encoding=Cp1252
2023-10-26 20:42:58,337 INFO o.a.j.JMeter: java.awt.headless=null
2023-10-26 20:42:58,338 INFO o.a.j.JMeter: Max memory     =259522560
2023-10-26 20:42:58,338 INFO o.a.j.JMeter: Available Processors =4
2023-10-26 20:42:58,341 INFO o.a.j.JMeter: Default Locale=English (United States)
2023-10-26 20:42:58,341 INFO o.a.j.JMeter: JMeter  Locale=English (United States)
2023-10-26 20:42:58,341 INFO o.a.j.JMeter: JMeterHome=D:\apache-jmeter-5.5\apache-jmeter-5.5
2023-10-26 20:42:58,341 INFO o.a.j.JMeter: user.dir  =D:\apache-jmeter-5.5\apache-jmeter-5.5\bin
2023-10-26 20:42:58,342 INFO o.a.j.JMeter: PWD       =D:\apache-jmeter-5.5\apache-jmeter-5.5\bin
2023-10-26 20:42:58,342 INFO o.a.j.JMeter: IP: 192.168.2.51 Name: DESKTOP-VUVO1UU FullName: DESKTOP-VUVO1UU
2023-10-26 20:42:58,361 INFO o.a.j.JMeter: Loaded icon properties from org/apache/jmeter/images/icon.properties
2023-10-26 20:42:58,517 INFO o.a.j.JMeterGuiLauncher: Setting LAF to: laf:javax.swing.plaf.metal.MetalLookAndFeel
2023-10-26 20:43:00,470 INFO o.j.r.JARSourceHTTP: Found cached repo
2023-10-26 20:43:00,743 INFO o.j.r.PluginManager: Plugins Status: [blazemeter-debugger=0.6, jpgc-dummy=0.4, jpgc-fifo=0.2, jpgc-plugins-manager=1.10, jmeter-core=5.5, jmeter-ftp=5.5, jmeter-http=5.5, jmeter-jdbc=5.5, jmeter-jms=5.5, jmeter-junit=5.5, jmeter-java=5.5, jmeter-ldap=5.5, jmeter-mail=5.5, jmeter-mongodb=5.5, jmeter-native=5.5, jmeter-tcp=5.5, jmeter-components=5.5]
2023-10-26 20:43:02,341 INFO o.a.j.JMeterGuiLauncher: Loading file: C:\Users\SaiKumar\Desktop\JMeterRecording\ComptuerWithForeach.jmx
2023-10-26 20:43:02,342 INFO o.a.j.s.FileServer: Default base='D:\apache-jmeter-5.5\apache-jmeter-5.5\bin'
2023-10-26 20:43:02,344 INFO o.a.j.s.FileServer: Set new base='C:\Users\SaiKumar\Desktop\JMeterRecording'
2023-10-26 20:43:02,616 INFO o.a.j.s.SaveService: Testplan (JMX) version: 2.2. Testlog (JTL) version: 2.2
2023-10-26 20:43:02,629 INFO o.a.j.s.SaveService: Using SaveService properties file encoding UTF-8
2023-10-26 20:43:02,632 INFO o.a.j.s.SaveService: Using SaveService properties version 5.0
2023-10-26 20:43:02,635 INFO o.a.j.s.SaveService: Loading file: C:\Users\SaiKumar\Desktop\JMeterRecording\ComptuerWithForeach.jmx
2023-10-26 20:43:02,771 INFO o.a.j.p.h.s.HTTPSamplerBase: Parser for text/html is org.apache.jmeter.protocol.http.parser.LagartoBasedHtmlParser
2023-10-26 20:43:02,771 INFO o.a.j.p.h.s.HTTPSamplerBase: Parser for application/xhtml+xml is org.apache.jmeter.protocol.http.parser.LagartoBasedHtmlParser
2023-10-26 20:43:02,771 INFO o.a.j.p.h.s.HTTPSamplerBase: Parser for application/xml is org.apache.jmeter.protocol.http.parser.LagartoBasedHtmlParser
2023-10-26 20:43:02,771 INFO o.a.j.p.h.s.HTTPSamplerBase: Parser for text/xml is org.apache.jmeter.protocol.http.parser.LagartoBasedHtmlParser
2023-10-26 20:43:02,771 INFO o.a.j.p.h.s.HTTPSamplerBase: Parser for text/vnd.wap.wml is org.apache.jmeter.protocol.http.parser.RegexpHTMLParser
2023-10-26 20:43:02,771 INFO o.a.j.p.h.s.HTTPSamplerBase: Parser for text/css is org.apache.jmeter.protocol.http.parser.CssParser
2023-10-26 20:43:02,852 INFO o.a.j.s.FileServer: Set new base='C:\Users\SaiKumar\Desktop\JMeterRecording'
2023-10-26 20:43:02,985 INFO o.a.j.s.SampleResult: Note: Sample TimeStamps are START times
2023-10-26 20:43:02,985 INFO o.a.j.s.SampleResult: sampleresult.default.encoding is set to ISO-8859-1
2023-10-26 20:43:02,985 INFO o.a.j.s.SampleResult: sampleresult.useNanoTime=true
2023-10-26 20:43:02,985 INFO o.a.j.s.SampleResult: sampleresult.nanoThreadSleep=5000
2023-10-26 20:46:04,884 INFO o.a.j.e.StandardJMeterEngine: Running the test!
2023-10-26 20:46:04,884 INFO o.a.j.s.SampleEvent: List of sample_variables: []
2023-10-26 20:46:04,884 INFO o.a.j.s.SampleEvent: List of sample_variables: []
2023-10-26 20:46:04,884 INFO o.a.j.e.u.CompoundVariable: Note: Function class names must contain the string: '.functions.'
2023-10-26 20:46:04,884 INFO o.a.j.e.u.CompoundVariable: Note: Function class names must not contain the string: '.gui.'
2023-10-26 20:46:05,216 INFO o.a.j.g.u.JMeterMenuBar: setRunning(true, *local*)
2023-10-26 20:46:05,285 INFO o.a.j.e.StandardJMeterEngine: Starting ThreadGroup: 1 : Thread Group
2023-10-26 20:46:05,285 INFO o.a.j.e.StandardJMeterEngine: Starting 1 threads for group Thread Group.
2023-10-26 20:46:05,285 INFO o.a.j.e.StandardJMeterEngine: Thread will continue on error
2023-10-26 20:46:05,285 INFO o.a.j.t.ThreadGroup: Starting thread group... number=1 threads=1 ramp-up=1 delayedStart=false
2023-10-26 20:46:05,285 INFO o.a.j.t.ThreadGroup: Started thread group number 1
2023-10-26 20:46:05,285 INFO o.a.j.e.StandardJMeterEngine: All thread groups have been started
2023-10-26 20:46:05,300 INFO o.a.j.t.JMeterThread: Thread started: Thread Group 1-1
2023-10-26 20:46:05,300 INFO o.a.j.p.h.s.HTTPHCAbstractImpl: Local host = DESKTOP-VUVO1UU
2023-10-26 20:46:05,316 INFO o.a.j.p.h.s.HTTPHC4Impl: HTTP request retry count = 0
2023-10-26 20:46:05,369 INFO o.a.j.p.h.s.h.LazyLayeredConnectionSocketFactory: Setting up HTTPS TrustAll Socket Factory
2023-10-26 20:46:05,369 INFO o.a.j.u.JsseSSLManager: Using default SSL protocol: TLS
2023-10-26 20:46:05,369 INFO o.a.j.u.JsseSSLManager: SSL session context: per-thread
2023-10-26 20:46:05,601 INFO o.a.j.u.SSLManager: JmeterKeyStore Location:  type JKS
2023-10-26 20:46:05,601 INFO o.a.j.u.SSLManager: KeyStore created OK
2023-10-26 20:46:05,601 WARN o.a.j.u.SSLManager: Keystore file not found, loading empty keystore
2023-10-26 20:46:06,334 INFO o.a.j.t.JMeterThread: Thread is done: Thread Group 1-1
2023-10-26 20:46:06,334 INFO o.a.j.t.JMeterThread: Thread finished: Thread Group 1-1
2023-10-26 20:46:06,334 INFO o.a.j.e.StandardJMeterEngine: Notifying test listeners of end of test
2023-10-26 20:46:06,334 INFO o.a.j.g.u.JMeterMenuBar: setRunning(false, *local*)
2023-10-26 20:47:22,359 INFO o.a.j.e.StandardJMeterEngine: Running the test!
2023-10-26 20:47:22,359 INFO o.a.j.s.SampleEvent: List of sample_variables: []
2023-10-26 20:47:22,359 INFO o.a.j.g.u.JMeterMenuBar: setRunning(true, *local*)
2023-10-26 20:47:22,422 INFO o.a.j.e.StandardJMeterEngine: Starting ThreadGroup: 1 : Thread Group
2023-10-26 20:47:22,422 INFO o.a.j.e.StandardJMeterEngine: Starting 1 threads for group Thread Group.
2023-10-26 20:47:22,422 INFO o.a.j.e.StandardJMeterEngine: Thread will continue on error
2023-10-26 20:47:22,422 INFO o.a.j.t.ThreadGroup: Starting thread group... number=1 threads=1 ramp-up=1 delayedStart=false
2023-10-26 20:47:22,422 INFO o.a.j.t.ThreadGroup: Started thread group number 1
2023-10-26 20:47:22,422 INFO o.a.j.e.StandardJMeterEngine: All thread groups have been started
2023-10-26 20:47:22,422 INFO o.a.j.t.JMeterThread: Thread started: Thread Group 1-1
2023-10-26 20:47:23,208 INFO o.a.j.t.JMeterThread: Thread is done: Thread Group 1-1
2023-10-26 20:47:23,208 INFO o.a.j.t.JMeterThread: Thread finished: Thread Group 1-1
2023-10-26 20:47:23,208 INFO o.a.j.e.StandardJMeterEngine: Notifying test listeners of end of test
2023-10-26 20:47:23,208 INFO o.a.j.g.u.JMeterMenuBar: setRunning(false, *local*)
2023-10-26 20:50:25,143 INFO o.a.j.e.StandardJMeterEngine: Running the test!
2023-10-26 20:50:25,143 INFO o.a.j.s.SampleEvent: List of sample_variables: []
2023-10-26 20:50:25,143 INFO o.a.j.g.u.JMeterMenuBar: setRunning(true, *local*)
2023-10-26 20:50:25,212 INFO o.a.j.e.StandardJMeterEngine: Starting ThreadGroup: 1 : Thread Group
2023-10-26 20:50:25,212 INFO o.a.j.e.StandardJMeterEngine: Starting 1 threads for group Thread Group.
2023-10-26 20:50:25,212 INFO o.a.j.e.StandardJMeterEngine: Thread will continue on error
2023-10-26 20:50:25,212 INFO o.a.j.t.ThreadGroup: Starting thread group... number=1 threads=1 ramp-up=1 delayedStart=false
2023-10-26 20:50:25,212 INFO o.a.j.t.ThreadGroup: Started thread group number 1
2023-10-26 20:50:25,212 INFO o.a.j.e.StandardJMeterEngine: All thread groups have been started
2023-10-26 20:50:25,212 INFO o.a.j.t.JMeterThread: Thread started: Thread Group 1-1
2023-10-26 20:50:26,083 INFO o.a.j.t.JMeterThread: Thread is done: Thread Group 1-1
2023-10-26 20:50:26,083 INFO o.a.j.t.JMeterThread: Thread finished: Thread Group 1-1
2023-10-26 20:50:26,083 INFO o.a.j.e.StandardJMeterEngine: Notifying test listeners of end of test
2023-10-26 20:50:26,083 INFO o.a.j.g.u.JMeterMenuBar: setRunning(false, *local*)
2023-10-26 20:52:49,021 INFO o.a.j.e.StandardJMeterEngine: Running the test!
2023-10-26 20:52:49,021 INFO o.a.j.s.SampleEvent: List of sample_variables: []
2023-10-26 20:52:49,021 INFO o.a.j.g.u.JMeterMenuBar: setRunning(true, *local*)
2023-10-26 20:52:49,090 INFO o.a.j.e.StandardJMeterEngine: Starting ThreadGroup: 1 : Thread Group
2023-10-26 20:52:49,090 INFO o.a.j.e.StandardJMeterEngine: Starting 1 threads for group Thread Group.
2023-10-26 20:52:49,090 INFO o.a.j.e.StandardJMeterEngine: Thread will continue on error
2023-10-26 20:52:49,090 INFO o.a.j.t.ThreadGroup: Starting thread group... number=1 threads=1 ramp-up=1 delayedStart=false
2023-10-26 20:52:49,090 INFO o.a.j.t.ThreadGroup: Started thread group number 1
2023-10-26 20:52:49,090 INFO o.a.j.e.StandardJMeterEngine: All thread groups have been started
2023-10-26 20:52:49,105 INFO o.a.j.t.JMeterThread: Thread started: Thread Group 1-1
2023-10-26 20:52:49,961 INFO o.a.j.t.JMeterThread: Thread is done: Thread Group 1-1
2023-10-26 20:52:49,961 INFO o.a.j.t.JMeterThread: Thread finished: Thread Group 1-1
2023-10-26 20:52:49,961 INFO o.a.j.e.StandardJMeterEngine: Notifying test listeners of end of test
2023-10-26 20:52:49,961 INFO o.a.j.g.u.JMeterMenuBar: setRunning(false, *local*)
2023-10-26 20:54:05,020 INFO o.a.j.e.StandardJMeterEngine: Running the test!
2023-10-26 20:54:05,020 INFO o.a.j.s.SampleEvent: List of sample_variables: []
2023-10-26 20:54:05,020 INFO o.a.j.g.u.JMeterMenuBar: setRunning(true, *local*)
2023-10-26 20:54:05,036 INFO o.a.j.e.StandardJMeterEngine: Starting ThreadGroup: 1 : Thread Group
2023-10-26 20:54:05,036 INFO o.a.j.e.StandardJMeterEngine: Starting 1 threads for group Thread Group.
2023-10-26 20:54:05,036 INFO o.a.j.e.StandardJMeterEngine: Thread will continue on error
2023-10-26 20:54:05,036 INFO o.a.j.t.ThreadGroup: Starting thread group... number=1 threads=1 ramp-up=1 delayedStart=false
2023-10-26 20:54:05,036 INFO o.a.j.t.ThreadGroup: Started thread group number 1
2023-10-26 20:54:05,036 INFO o.a.j.e.StandardJMeterEngine: All thread groups have been started
2023-10-26 20:54:05,036 INFO o.a.j.t.JMeterThread: Thread started: Thread Group 1-1
2023-10-26 20:54:05,800 INFO o.a.j.t.JMeterThread: Thread is done: Thread Group 1-1
2023-10-26 20:54:05,800 INFO o.a.j.t.JMeterThread: Thread finished: Thread Group 1-1
2023-10-26 20:54:05,800 INFO o.a.j.e.StandardJMeterEngine: Notifying test listeners of end of test
2023-10-26 20:54:05,800 INFO o.a.j.g.u.JMeterMenuBar: setRunning(false, *local*)
2023-10-26 20:54:38,327 INFO o.a.j.e.StandardJMeterEngine: Running the test!
2023-10-26 20:54:38,327 INFO o.a.j.s.SampleEvent: List of sample_variables: []
2023-10-26 20:54:38,342 INFO o.a.j.g.u.JMeterMenuBar: setRunning(true, *local*)
2023-10-26 20:54:38,358 INFO o.a.j.e.StandardJMeterEngine: Starting ThreadGroup: 1 : Thread Group
2023-10-26 20:54:38,358 INFO o.a.j.e.StandardJMeterEngine: Starting 1 threads for group Thread Group.
2023-10-26 20:54:38,358 INFO o.a.j.e.StandardJMeterEngine: Thread will continue on error
2023-10-26 20:54:38,358 INFO o.a.j.t.ThreadGroup: Starting thread group... number=1 threads=1 ramp-up=1 delayedStart=false
2023-10-26 20:54:38,358 INFO o.a.j.t.ThreadGroup: Started thread group number 1
2023-10-26 20:54:38,358 INFO o.a.j.e.StandardJMeterEngine: Starting ThreadGroup: 2 : Thread Group
2023-10-26 20:54:38,358 INFO o.a.j.e.StandardJMeterEngine: Starting 1 threads for group Thread Group.
2023-10-26 20:54:38,358 INFO o.a.j.e.StandardJMeterEngine: Thread will continue on error
2023-10-26 20:54:38,358 INFO o.a.j.t.ThreadGroup: Starting thread group... number=2 threads=1 ramp-up=1 delayedStart=false
2023-10-26 20:54:38,358 INFO o.a.j.t.JMeterThread: Thread started: Thread Group 1-1
2023-10-26 20:54:38,358 INFO o.a.j.t.ThreadGroup: Started thread group number 2
2023-10-26 20:54:38,358 INFO o.a.j.e.StandardJMeterEngine: All thread groups have been started
2023-10-26 20:54:38,358 INFO o.a.j.t.JMeterThread: Thread started: Thread Group 2-1
2023-10-26 20:54:39,098 INFO o.a.j.t.JMeterThread: Thread is done: Thread Group 2-1
2023-10-26 20:54:39,098 INFO o.a.j.t.JMeterThread: Thread finished: Thread Group 2-1
2023-10-26 20:54:41,203 INFO o.a.j.t.JMeterThread: Thread is done: Thread Group 1-1
2023-10-26 20:54:41,203 INFO o.a.j.t.JMeterThread: Thread finished: Thread Group 1-1
2023-10-26 20:54:41,203 INFO o.a.j.e.StandardJMeterEngine: Notifying test listeners of end of test
2023-10-26 20:54:41,203 INFO o.a.j.g.u.JMeterMenuBar: setRunning(false, *local*)
2023-10-26 20:54:59,711 INFO o.a.j.e.StandardJMeterEngine: Running the test!
2023-10-26 20:54:59,711 INFO o.a.j.s.SampleEvent: List of sample_variables: []
2023-10-26 20:54:59,711 INFO o.a.j.g.u.JMeterMenuBar: setRunning(true, *local*)
2023-10-26 20:54:59,780 INFO o.a.j.e.StandardJMeterEngine: Starting ThreadGroup: 1 : Thread Group
2023-10-26 20:54:59,780 INFO o.a.j.e.StandardJMeterEngine: Starting 1 threads for group Thread Group.
2023-10-26 20:54:59,780 INFO o.a.j.e.StandardJMeterEngine: Thread will continue on error
2023-10-26 20:54:59,780 INFO o.a.j.t.ThreadGroup: Starting thread group... number=1 threads=1 ramp-up=1 delayedStart=false
2023-10-26 20:54:59,780 INFO o.a.j.t.ThreadGroup: Started thread group number 1
2023-10-26 20:54:59,780 INFO o.a.j.e.StandardJMeterEngine: All thread groups have been started
2023-10-26 20:54:59,780 INFO o.a.j.t.JMeterThread: Thread started: Thread Group 1-1
2023-10-26 20:55:00,513 INFO o.a.j.t.JMeterThread: Thread is done: Thread Group 1-1
2023-10-26 20:55:00,513 INFO o.a.j.t.JMeterThread: Thread finished: Thread Group 1-1
2023-10-26 20:55:00,513 INFO o.a.j.e.StandardJMeterEngine: Notifying test listeners of end of test
2023-10-26 20:55:00,513 INFO o.a.j.g.u.JMeterMenuBar: setRunning(false, *local*)
